[12:36:33] [Server thread/INFO]: Starting minecraft server version 1.11.2
[12:36:33] [Server thread/INFO]: Loading properties
[12:36:33] [Server thread/INFO]: Default game type: SURVIVAL
[12:36:33] [Server thread/INFO]: Generating keypair
[12:36:33] [Server thread/INFO]: Starting Minecraft server on *:25565
[12:36:34] [Server thread/INFO]: Using epoll channel type
[12:36:34] [Server thread/WARN]: **** SERVER IS RUNNING IN OFFLINE/INSECURE MODE!
[12:36:34] [Server thread/WARN]: The server will make no attempt to authenticate usernames. Beware.
[12:36:34] [Server thread/WARN]: While this makes the game possible to play without internet access, it also opens up the ability for hackers to connect with any username they choose.
[12:36:34] [Server thread/WARN]: To change this, set "online-mode" to "true" in the server.properties file.
[12:36:34] [Server thread/INFO]: Preparing level "world"
[12:36:34] [Server thread/INFO]: Preparing start region for level 0
[12:36:35] [Server thread/INFO]: Preparing spawn area: 8%
[12:36:36] [Server thread/INFO]: Preparing spawn area: 68%
[12:36:37] [Server thread/INFO]: Done (2.838s)! For help, type "help" or "?"
[12:38:11] [Server thread/INFO]: gibin[/127.0.0.1:57076] logged in with entity id 608 at (-118.78749365427996, 68.0, 233.3548137441687)
[12:38:11] [Server thread/INFO]: gibin joined the game
[12:38:31] [Server thread/INFO]: Octos[/192.168.10.73:49934] logged in with entity id 677 at (-118.45678783598817, 68.0, 233.38048977565646)
[12:38:31] [Server thread/INFO]: Octos joined the game
[13:18:03] [Server thread/WARN]: Can't keep up! Did the system time change, or is the server overloaded? Running 3813ms behind, skipping 76 tick(s)
[13:18:03] [Server thread/WARN]: gibin moved too quickly! 130.060176470548,16.0,-186.09892054481526
[13:21:12] [Server thread/WARN]: gibin moved too quickly! -122.07642394739584,1.0,173.1342017164106
[13:22:37] [Server thread/INFO]: gibin lost connection: TextComponent{text='Disconnected', siblings=[], style=Style{hasParent=false, color=null, bold=null, italic=null, underlined=null, obfuscated=null, clickEvent=null, hoverEvent=null, insertion=null}}
[13:22:37] [Server thread/INFO]: gibin left the game
[13:22:41] [Server thread/INFO]: Octos lost connection: TextComponent{text='Disconnected', siblings=[], style=Style{hasParent=false, color=null, bold=null, italic=null, underlined=null, obfuscated=null, clickEvent=null, hoverEvent=null, insertion=null}}
[13:22:41] [Server thread/INFO]: Octos left the game
[13:22:49] [Server Shutdown Thread/INFO]: Stopping server
